<?xml version="1.0" encoding="UTF-8"?>
<testng-results ignored="0" total="2" passed="2" failed="0" skipped="0">
  <reporter-output>
  </reporter-output>
  <suite started-at="2025-04-12T12:33:03 IST" name="Suite" finished-at="2025-04-12T12:33:03 IST" duration-ms="105">
    <groups>
    </groups>
    <test started-at="2025-04-12T12:33:03 IST" name="Test" finished-at="2025-04-12T12:33:03 IST" duration-ms="105">
      <class name="pack1.ContactTest">
        <test-method signature="crecteContactTest()[pri:0, instance:pack1.ContactTest@27462a88]" started-at="2025-04-12T12:33:03 IST" name="crecteContactTest" finished-at="2025-04-12T12:33:03 IST" duration-ms="13" status="PASS">
          <reporter-output>
          </reporter-output>
        </test-method> <!-- crecteContactTest -->
        <test-method signature="modifyCrecteContactTest()[pri:0, instance:pack1.ContactTest@27462a88]" started-at="2025-04-12T12:33:03 IST" name="modifyCrecteContactTest" finished-at="2025-04-12T12:33:03 IST" duration-ms="2" status="PASS">
          <reporter-output>
          </reporter-output>
        </test-method> <!-- modifyCrecteContactTest -->
      </class> <!-- pack1.ContactTest -->
    </test> <!-- Test -->
  </suite> <!-- Suite -->
</testng-results>
